[2020-11-24 17:19:09] local.ERROR: 2020-11-24 17:19:09:
```Call to undefined method SCart\Core\Front\Models\ShopProduct::showPrice() (View: /home/sachmoi/domains/sachmoi.htc-it.team/public_html/resources/views/templates/sachmoi4_3/screen/shop_product_detail.blade.php)```
*File* `/home/sachmoi/domains/sachmoi.htc-it.team/public_html/vendor/laravel/framework/src/Illuminate/Support/Traits/ForwardsCalls.php`, *Line:* 50, *Code:* 0

  
[2020-11-24 17:19:09] local.ERROR: Call to undefined method SCart\Core\Front\Models\ShopProduct::showPrice() (View: /home/sachmoi/domains/sachmoi.htc-it.team/public_html/resources/views/templates/sachmoi4_3/screen/shop_product_detail.blade.php) {"exception":"[object] (Facade\\Ignition\\Exceptions\\ViewException(code: 0): Call to undefined method SCart\\Core\\Front\\Models\\ShopProduct::showPrice() (View: /home/sachmoi/domains/sachmoi.htc-it.team/public_html/resources/views/templates/sachmoi4_3/screen/shop_product_detail.blade.php) at /home/sachmoi/domains/sachmoi.htc-it.team/public_html/vendor/laravel/framework/src/Illuminate/Support/Traits/ForwardsCalls.php:50)
[stacktrace]
#0 /home/sachmoi/domains/sachmoi.htc-it.team/public_html/vendor/laravel/framework/src/Illuminate/Support/Traits/ForwardsCalls.php(36): Illuminate\\Database\\Eloquent\\Model::throwBadMethodCallException('showPrice')
#1 /home/sachmoi/domains/sachmoi.htc-it.team/public_html/vendor/laravel/framework/src/Illuminate/Database/Eloquent/Model.php(1736): Illuminate\\Database\\Eloquent\\Model->forwardCallTo(Object(Illuminate\\Database\\Eloquent\\Builder), 'showPrice', Array)
#2 /home/sachmoi/domains/sachmoi.htc-it.team/public_html/resources/views/templates/sachmoi4_3/screen/shop_product_detail.blade.php(100): Illuminate\\Database\\Eloquent\\Model->__call('showPrice', Array)
#3 /home/sachmoi/domains/sachmoi.htc-it.team/public_html/vendor/laravel/framework/src/Illuminate/View/Engines/PhpEngine.php(41): include('/home/sachmoi/d...')
#4 /home/sachmoi/domains/sachmoi.htc-it.team/public_html/vendor/laravel/framework/src/Illuminate/View/Engines/CompilerEngine.php(57): Illuminate\\View\\Engines\\PhpEngine->evaluatePath('/home/sachmoi/d...', Array)
#5 /home/sachmoi/domains/sachmoi.htc-it.team/public_html/vendor/facade/ignition/src/Views/Engines/CompilerEngine.php(37): Illuminate\\View\\Engines\\CompilerEngine->get('/home/sachmoi/d...', Array)
#6 /home/sachmoi/domains/sachmoi.htc-it.team/public_html/vendor/laravel/framework/src/Illuminate/View/View.php(139): Facade\\Ignition\\Views\\Engines\\CompilerEngine->get('/home/sachmoi/d...', Array)
#7 /home/sachmoi/domains/sachmoi.htc-it.team/public_html/vendor/laravel/framework/src/Illuminate/View/View.php(122): Illuminate\\View\\View->getContents()
#8 /home/sachmoi/domains/sachmoi.htc-it.team/public_html/vendor/laravel/framework/src/Illuminate/View/View.php(91): Illuminate\\View\\View->renderContents()
#9 /home/sachmoi/domains/sachmoi.htc-it.team/public_html/vendor/laravel/framework/src/Illuminate/Http/Response.php(62): Illuminate\\View\\View->render()
#10 /home/sachmoi/domains/sachmoi.htc-it.team/public_html/vendor/laravel/framework/src/Illuminate/Http/Response.php(34): Illuminate\\Http\\Response->setContent(Object(Illuminate\\View\\View))
#11 /home/sachmoi/domains/sachmoi.htc-it.team/public_html/vendor/laravel/framework/src/Illuminate/Routing/Router.php(759): Illuminate\\Http\\Response->__construct(Object(Illuminate\\View\\View), 200, Array)
#12 /home/sachmoi/domains/sachmoi.htc-it.team/public_html/vendor/laravel/framework/src/Illuminate/Routing/Router.php(731): Illuminate\\Routing\\Router::toResponse(Object(Illuminate\\Http\\Request), Object(Illuminate\\View\\View))
#13 /home/sachmoi/domains/sachmoi.htc-it.team/public_html/vendor/laravel/framework/src/Illuminate/Routing/Router.php(685): Illuminate\\Routing\\Router->prepareResponse(Object(Illuminate\\Http\\Request), Object(Illuminate\\View\\View))
#14 /home/sachmoi/domains/sachmoi.htc-it.team/public_html/vendor/laravel/framework/src/Illuminate/Pipeline/Pipeline.php(128): Illuminate\\Routing\\Router->Illuminate\\Routing\\{closure}(Object(Illuminate\\Http\\Request))
#15 /home/sachmoi/domains/sachmoi.htc-it.team/public_html/vendor/s-cart/core/src/Front/Middleware/CheckDomain.php(28): Illuminate\\Pipeline\\Pipeline->Illuminate\\Pipeline\\{closure}(Object(Illuminate\\Http\\Request))
#16 /home/sachmoi/domains/sachmoi.htc-it.team/public_html/vendor/laravel/framework/src/Illuminate/Pipeline/Pipeline.php(167): SCart\\Core\\Front\\Middleware\\CheckDomain->handle(Object(Illuminate\\Http\\Request), Object(Closure))
#17 /home/sachmoi/domains/sachmoi.htc-it.team/public_html/vendor/s-cart/core/src/Front/Middleware/Currency.php(25): Illuminate\\Pipeline\\Pipeline->Illuminate\\Pipeline\\{closure}(Object(Illuminate\\Http\\Request))
#18 /home/sachmoi/domains/sachmoi.htc-it.team/public_html/vendor/laravel/framework/src/Illuminate/Pipeline/Pipeline.php(167): SCart\\Core\\Front\\Middleware\\Currency->handle(Object(Illuminate\\Http\\Request), Object(Closure))
#19 /home/sachmoi/domains/sachmoi.htc-it.team/public_html/vendor/s-cart/core/src/Front/Middleware/Localization.php(35): Illuminate\\Pipeline\\Pipeline->Illuminate\\Pipeline\\{closure}(Object(Illuminate\\Http\\Request))
#20 /home/sachmoi/domains/sachmoi.htc-it.team/public_html/vendor/laravel/framework/src/Illuminate/Pipeline/Pipeline.php(167): SCart\\Core\\Front\\Middleware\\Localization->handle(Object(Illuminate\\Http\\Request), Object(Closure))
#21 /home/sachmoi/domains/sachmoi.htc-it.team/public_html/vendor/laravel/framework/src/Illuminate/Routing/Middleware/SubstituteBindings.php(41): Illuminate\\Pipeline\\Pipeline->Illuminate\\Pipeline\\{closure}(Object(Illuminate\\Http\\Request))
#22 /home/sachmoi/domains/sachmoi.htc-it.team/public_html/vendor/laravel/framework/src/Illuminate/Pipeline/Pipeline.php(167): Illuminate\\Routing\\Middleware\\SubstituteBindings->handle(Object(Illuminate\\Http\\Request), Object(Closure))
#23 /home/sachmoi/domains/sachmoi.htc-it.team/public_html/vendor/laravel/framework/src/Illuminate/Foundation/Http/Middleware/VerifyCsrfToken.php(77): Illuminate\\Pipeline\\Pipeline->Illuminate\\Pipeline\\{closure}(Object(Illuminate\\Http\\Request))
#24 /home/sachmoi/domains/sachmoi.htc-it.team/public_html/vendor/laravel/framework/src/Illuminate/Pipeline/Pipeline.php(167): Illuminate\\Foundation\\Http\\Middleware\\VerifyCsrfToken->handle(Object(Illuminate\\Http\\Request), Object(Closure))
#25 /home/sachmoi/domains/sachmoi.htc-it.team/public_html/vendor/laravel/framework/src/Illuminate/View/Middleware/ShareErrorsFromSession.php(49): Illuminate\\Pipeline\\Pipeline->Illuminate\\Pipeline\\{closure}(Object(Illuminate\\Http\\Request))
#26 /home/sachmoi/domains/sachmoi.htc-it.team/public_html/vendor/laravel/framework/src/Illuminate/Pipeline/Pipeline.php(167): Illuminate\\View\\Middleware\\ShareErrorsFromSession->handle(Object(Illuminate\\Http\\Request), Object(Closure))
#27 /home/sachmoi/domains/sachmoi.htc-it.team/public_html/vendor/laravel/framework/src/Illuminate/Session/Middleware/StartSession.php(116): Illuminate\\Pipeline\\Pipeline->Illuminate\\Pipeline\\{closure}(Object(Illuminate\\Http\\Request))
#28 /home/sachmoi/domains/sachmoi.htc-it.team/public_html/vendor/laravel/framework/src/Illuminate/Session/Middleware/StartSession.php(62): Illuminate\\Session\\Middleware\\StartSession->handleStatefulRequest(Object(Illuminate\\Http\\Request), Object(Illuminate\\Session\\Store), Object(Closure))
#29 /home/sachmoi/domains/sachmoi.htc-it.team/public_html/vendor/laravel/framework/src/Illuminate/Pipeline/Pipeline.php(167): Illuminate\\Session\\Middleware\\StartSession->handle(Object(Illuminate\\Http\\Request), Object(Closure))
#30 /home/sachmoi/domains/sachmoi.htc-it.team/public_html/vendor/laravel/framework/src/Illuminate/Cookie/Middleware/AddQueuedCookiesToResponse.php(37): Illuminate\\Pipeline\\Pipeline->Illuminate\\Pipeline\\{closure}(Object(Illuminate\\Http\\Request))
#31 /home/sachmoi/domains/sachmoi.htc-it.team/public_html/vendor/laravel/framework/src/Illuminate/Pipeline/Pipeline.php(167): Illuminate\\Cookie\\Middleware\\AddQueuedCookiesToResponse->handle(Object(Illuminate\\Http\\Request), Object(Closure))
#32 /home/sachmoi/domains/sachmoi.htc-it.team/public_html/vendor/laravel/framework/src/Illuminate/Cookie/Middleware/EncryptCookies.php(67): Illuminate\\Pipeline\\Pipeline->Illuminate\\Pipeline\\{closure}(Object(Illuminate\\Http\\Request))
#33 /home/sachmoi/domains/sachmoi.htc-it.team/public_html/vendor/laravel/framework/src/Illuminate/Pipeline/Pipeline.php(167): Illuminate\\Cookie\\Middleware\\EncryptCookies->handle(Object(Illuminate\\Http\\Request), Object(Closure))
#34 /home/sachmoi/domains/sachmoi.htc-it.team/public_html/vendor/laravel/framework/src/Illuminate/Pipeline/Pipeline.php(103): Illuminate\\Pipeline\\Pipeline->Illuminate\\Pipeline\\{closure}(Object(Illuminate\\Http\\Request))
#35 /home/sachmoi/domains/sachmoi.htc-it.team/public_html/vendor/laravel/framework/src/Illuminate/Routing/Router.php(687): Illuminate\\Pipeline\\Pipeline->then(Object(Closure))
#36 /home/sachmoi/domains/sachmoi.htc-it.team/public_html/vendor/laravel/framework/src/Illuminate/Routing/Router.php(662): Illuminate\\Routing\\Router->runRouteWithinStack(Object(Illuminate\\Routing\\Route), Object(Illuminate\\Http\\Request))
#37 /home/sachmoi/domains/sachmoi.htc-it.team/public_html/vendor/laravel/framework/src/Illuminate/Routing/Router.php(628): Illuminate\\Routing\\Router->runRoute(Object(Illuminate\\Http\\Request), Object(Illuminate\\Routing\\Route))
#38 /home/sachmoi/domains/sachmoi.htc-it.team/public_html/vendor/laravel/framework/src/Illuminate/Routing/Router.php(617): Illuminate\\Routing\\Router->dispatchToRoute(Object(Illuminate\\Http\\Request))
#39 /home/sachmoi/domains/sachmoi.htc-it.team/public_html/vendor/laravel/framework/src/Illuminate/Foundation/Http/Kernel.php(165): Illuminate\\Routing\\Router->dispatch(Object(Illuminate\\Http\\Request))
#40 /home/sachmoi/domains/sachmoi.htc-it.team/public_html/vendor/laravel/framework/src/Illuminate/Pipeline/Pipeline.php(128): Illuminate\\Foundation\\Http\\Kernel->Illuminate\\Foundation\\Http\\{closure}(Object(Illuminate\\Http\\Request))
#41 /home/sachmoi/domains/sachmoi.htc-it.team/public_html/vendor/barryvdh/laravel-debugbar/src/Middleware/InjectDebugbar.php(67): Illuminate\\Pipeline\\Pipeline->Illuminate\\Pipeline\\{closure}(Object(Illuminate\\Http\\Request))
#42 /home/sachmoi/domains/sachmoi.htc-it.team/public_html/vendor/laravel/framework/src/Illuminate/Pipeline/Pipeline.php(167): Barryvdh\\Debugbar\\Middleware\\InjectDebugbar->handle(Object(Illuminate\\Http\\Request), Object(Closure))
#43 /home/sachmoi/domains/sachmoi.htc-it.team/public_html/vendor/spatie/laravel-pjax/src/Middleware/FilterIfPjax.php(18): Illuminate\\Pipeline\\Pipeline->Illuminate\\Pipeline\\{closure}(Object(Illuminate\\Http\\Request))
#44 /home/sachmoi/domains/sachmoi.htc-it.team/public_html/vendor/laravel/framework/src/Illuminate/Pipeline/Pipeline.php(167): Spatie\\Pjax\\Middleware\\FilterIfPjax->handle(Object(Illuminate\\Http\\Request), Object(Closure))
#45 /home/sachmoi/domains/sachmoi.htc-it.team/public_html/vendor/fideloper/proxy/src/TrustProxies.php(57): Illuminate\\Pipeline\\Pipeline->Illuminate\\Pipeline\\{closure}(Object(Illuminate\\Http\\Request))
#46 /home/sachmoi/domains/sachmoi.htc-it.team/public_html/vendor/laravel/framework/src/Illuminate/Pipeline/Pipeline.php(167): Fideloper\\Proxy\\TrustProxies->handle(Object(Illuminate\\Http\\Request), Object(Closure))
#47 /home/sachmoi/domains/sachmoi.htc-it.team/public_html/vendor/laravel/framework/src/Illuminate/Foundation/Http/Middleware/TransformsRequest.php(21): Illuminate\\Pipeline\\Pipeline->Illuminate\\Pipeline\\{closure}(Object(Illuminate\\Http\\Request))
#48 /home/sachmoi/domains/sachmoi.htc-it.team/public_html/vendor/laravel/framework/src/Illuminate/Pipeline/Pipeline.php(167): Illuminate\\Foundation\\Http\\Middleware\\TransformsRequest->handle(Object(Illuminate\\Http\\Request), Object(Closure))
#49 /home/sachmoi/domains/sachmoi.htc-it.team/public_html/vendor/laravel/framework/src/Illuminate/Foundation/Http/Middleware/TransformsRequest.php(21): Illuminate\\Pipeline\\Pipeline->Illuminate\\Pipeline\\{closure}(Object(Illuminate\\Http\\Request))
#50 /home/sachmoi/domains/sachmoi.htc-it.team/public_html/vendor/laravel/framework/src/Illuminate/Pipeline/Pipeline.php(167): Illuminate\\Foundation\\Http\\Middleware\\TransformsRequest->handle(Object(Illuminate\\Http\\Request), Object(Closure))
#51 /home/sachmoi/domains/sachmoi.htc-it.team/public_html/vendor/laravel/framework/src/Illuminate/Foundation/Http/Middleware/ValidatePostSize.php(27): Illuminate\\Pipeline\\Pipeline->Illuminate\\Pipeline\\{closure}(Object(Illuminate\\Http\\Request))
#52 /home/sachmoi/domains/sachmoi.htc-it.team/public_html/vendor/laravel/framework/src/Illuminate/Pipeline/Pipeline.php(167): Illuminate\\Foundation\\Http\\Middleware\\ValidatePostSize->handle(Object(Illuminate\\Http\\Request), Object(Closure))
#53 /home/sachmoi/domains/sachmoi.htc-it.team/public_html/vendor/laravel/framework/src/Illuminate/Foundation/Http/Middleware/CheckForMaintenanceMode.php(63): Illuminate\\Pipeline\\Pipeline->Illuminate\\Pipeline\\{closure}(Object(Illuminate\\Http\\Request))
#54 /home/sachmoi/domains/sachmoi.htc-it.team/public_html/vendor/laravel/framework/src/Illuminate/Pipeline/Pipeline.php(167): Illuminate\\Foundation\\Http\\Middleware\\CheckForMaintenanceMode->handle(Object(Illuminate\\Http\\Request), Object(Closure))
#55 /home/sachmoi/domains/sachmoi.htc-it.team/public_html/vendor/laravel/framework/src/Illuminate/Pipeline/Pipeline.php(103): Illuminate\\Pipeline\\Pipeline->Illuminate\\Pipeline\\{closure}(Object(Illuminate\\Http\\Request))
#56 /home/sachmoi/domains/sachmoi.htc-it.team/public_html/vendor/laravel/framework/src/Illuminate/Foundation/Http/Kernel.php(140): Illuminate\\Pipeline\\Pipeline->then(Object(Closure))
#57 /home/sachmoi/domains/sachmoi.htc-it.team/public_html/vendor/laravel/framework/src/Illuminate/Foundation/Http/Kernel.php(109): Illuminate\\Foundation\\Http\\Kernel->sendRequestThroughRouter(Object(Illuminate\\Http\\Request))
#58 /home/sachmoi/domains/sachmoi.htc-it.team/public_html/public/index.php(62): Illuminate\\Foundation\\Http\\Kernel->handle(Object(Illuminate\\Http\\Request))
#59 {main}

[previous exception] [object] (BadMethodCallException(code: 0): Call to undefined method SCart\\Core\\Front\\Models\\ShopProduct::showPrice() at /home/sachmoi/domains/sachmoi.htc-it.team/public_html/vendor/laravel/framework/src/Illuminate/Support/Traits/ForwardsCalls.php:50)
[stacktrace]
#0 /home/sachmoi/domains/sachmoi.htc-it.team/public_html/vendor/laravel/framework/src/Illuminate/Support/Traits/ForwardsCalls.php(36): Illuminate\\Database\\Eloquent\\Model::throwBadMethodCallException('showPrice')
#1 /home/sachmoi/domains/sachmoi.htc-it.team/public_html/vendor/laravel/framework/src/Illuminate/Database/Eloquent/Model.php(1736): Illuminate\\Database\\Eloquent\\Model->forwardCallTo(Object(Illuminate\\Database\\Eloquent\\Builder), 'showPrice', Array)
#2 /home/sachmoi/domains/sachmoi.htc-it.team/public_html/storage/framework/views/ea55b334097001f4fd8f984a2d7aab3e59d63c44.php(100): Illuminate\\Database\\Eloquent\\Model->__call('showPrice', Array)
#3 /home/sachmoi/domains/sachmoi.htc-it.team/public_html/vendor/laravel/framework/src/Illuminate/View/Engines/PhpEngine.php(41): include('/home/sachmoi/d...')
#4 /home/sachmoi/domains/sachmoi.htc-it.team/public_html/vendor/laravel/framework/src/Illuminate/View/Engines/CompilerEngine.php(57): Illuminate\\View\\Engines\\PhpEngine->evaluatePath('/home/sachmoi/d...', Array)
#5 /home/sachmoi/domains/sachmoi.htc-it.team/public_html/vendor/facade/ignition/src/Views/Engines/CompilerEngine.php(37): Illuminate\\View\\Engines\\CompilerEngine->get('/home/sachmoi/d...', Array)
#6 /home/sachmoi/domains/sachmoi.htc-it.team/public_html/vendor/laravel/framework/src/Illuminate/View/View.php(139): Facade\\Ignition\\Views\\Engines\\CompilerEngine->get('/home/sachmoi/d...', Array)
#7 /home/sachmoi/domains/sachmoi.htc-it.team/public_html/vendor/laravel/framework/src/Illuminate/View/View.php(122): Illuminate\\View\\View->getContents()
#8 /home/sachmoi/domains/sachmoi.htc-it.team/public_html/vendor/laravel/framework/src/Illuminate/View/View.php(91): Illuminate\\View\\View->renderContents()
#9 /home/sachmoi/domains/sachmoi.htc-it.team/public_html/vendor/laravel/framework/src/Illuminate/Http/Response.php(62): Illuminate\\View\\View->render()
#10 /home/sachmoi/domains/sachmoi.htc-it.team/public_html/vendor/laravel/framework/src/Illuminate/Http/Response.php(34): Illuminate\\Http\\Response->setContent(Object(Illuminate\\View\\View))
#11 /home/sachmoi/domains/sachmoi.htc-it.team/public_html/vendor/laravel/framework/src/Illuminate/Routing/Router.php(759): Illuminate\\Http\\Response->__construct(Object(Illuminate\\View\\View), 200, Array)
#12 /home/sachmoi/domains/sachmoi.htc-it.team/public_html/vendor/laravel/framework/src/Illuminate/Routing/Router.php(731): Illuminate\\Routing\\Router::toResponse(Object(Illuminate\\Http\\Request), Object(Illuminate\\View\\View))
#13 /home/sachmoi/domains/sachmoi.htc-it.team/public_html/vendor/laravel/framework/src/Illuminate/Routing/Router.php(685): Illuminate\\Routing\\Router->prepareResponse(Object(Illuminate\\Http\\Request), Object(Illuminate\\View\\View))
#14 /home/sachmoi/domains/sachmoi.htc-it.team/public_html/vendor/laravel/framework/src/Illuminate/Pipeline/Pipeline.php(128): Illuminate\\Routing\\Router->Illuminate\\Routing\\{closure}(Object(Illuminate\\Http\\Request))
#15 /home/sachmoi/domains/sachmoi.htc-it.team/public_html/vendor/s-cart/core/src/Front/Middleware/CheckDomain.php(28): Illuminate\\Pipeline\\Pipeline->Illuminate\\Pipeline\\{closure}(Object(Illuminate\\Http\\Request))
#16 /home/sachmoi/domains/sachmoi.htc-it.team/public_html/vendor/laravel/framework/src/Illuminate/Pipeline/Pipeline.php(167): SCart\\Core\\Front\\Middleware\\CheckDomain->handle(Object(Illuminate\\Http\\Request), Object(Closure))
#17 /home/sachmoi/domains/sachmoi.htc-it.team/public_html/vendor/s-cart/core/src/Front/Middleware/Currency.php(25): Illuminate\\Pipeline\\Pipeline->Illuminate\\Pipeline\\{closure}(Object(Illuminate\\Http\\Request))
#18 /home/sachmoi/domains/sachmoi.htc-it.team/public_html/vendor/laravel/framework/src/Illuminate/Pipeline/Pipeline.php(167): SCart\\Core\\Front\\Middleware\\Currency->handle(Object(Illuminate\\Http\\Request), Object(Closure))
#19 /home/sachmoi/domains/sachmoi.htc-it.team/public_html/vendor/s-cart/core/src/Front/Middleware/Localization.php(35): Illuminate\\Pipeline\\Pipeline->Illuminate\\Pipeline\\{closure}(Object(Illuminate\\Http\\Request))
#20 /home/sachmoi/domains/sachmoi.htc-it.team/public_html/vendor/laravel/framework/src/Illuminate/Pipeline/Pipeline.php(167): SCart\\Core\\Front\\Middleware\\Localization->handle(Object(Illuminate\\Http\\Request), Object(Closure))
#21 /home/sachmoi/domains/sachmoi.htc-it.team/public_html/vendor/laravel/framework/src/Illuminate/Routing/Middleware/SubstituteBindings.php(41): Illuminate\\Pipeline\\Pipeline->Illuminate\\Pipeline\\{closure}(Object(Illuminate\\Http\\Request))
#22 /home/sachmoi/domains/sachmoi.htc-it.team/public_html/vendor/laravel/framework/src/Illuminate/Pipeline/Pipeline.php(167): Illuminate\\Routing\\Middleware\\SubstituteBindings->handle(Object(Illuminate\\Http\\Request), Object(Closure))
#23 /home/sachmoi/domains/sachmoi.htc-it.team/public_html/vendor/laravel/framework/src/Illuminate/Foundation/Http/Middleware/VerifyCsrfToken.php(77): Illuminate\\Pipeline\\Pipeline->Illuminate\\Pipeline\\{closure}(Object(Illuminate\\Http\\Request))
#24 /home/sachmoi/domains/sachmoi.htc-it.team/public_html/vendor/laravel/framework/src/Illuminate/Pipeline/Pipeline.php(167): Illuminate\\Foundation\\Http\\Middleware\\VerifyCsrfToken->handle(Object(Illuminate\\Http\\Request), Object(Closure))
#25 /home/sachmoi/domains/sachmoi.htc-it.team/public_html/vendor/laravel/framework/src/Illuminate/View/Middleware/ShareErrorsFromSession.php(49): Illuminate\\Pipeline\\Pipeline->Illuminate\\Pipeline\\{closure}(Object(Illuminate\\Http\\Request))
#26 /home/sachmoi/domains/sachmoi.htc-it.team/public_html/vendor/laravel/framework/src/Illuminate/Pipeline/Pipeline.php(167): Illuminate\\View\\Middleware\\ShareErrorsFromSession->handle(Object(Illuminate\\Http\\Request), Object(Closure))
#27 /home/sachmoi/domains/sachmoi.htc-it.team/public_html/vendor/laravel/framework/src/Illuminate/Session/Middleware/StartSession.php(116): Illuminate\\Pipeline\\Pipeline->Illuminate\\Pipeline\\{closure}(Object(Illuminate\\Http\\Request))
#28 /home/sachmoi/domains/sachmoi.htc-it.team/public_html/vendor/laravel/framework/src/Illuminate/Session/Middleware/StartSession.php(62): Illuminate\\Session\\Middleware\\StartSession->handleStatefulRequest(Object(Illuminate\\Http\\Request), Object(Illuminate\\Session\\Store), Object(Closure))
#29 /home/sachmoi/domains/sachmoi.htc-it.team/public_html/vendor/laravel/framework/src/Illuminate/Pipeline/Pipeline.php(167): Illuminate\\Session\\Middleware\\StartSession->handle(Object(Illuminate\\Http\\Request), Object(Closure))
#30 /home/sachmoi/domains/sachmoi.htc-it.team/public_html/vendor/laravel/framework/src/Illuminate/Cookie/Middleware/AddQueuedCookiesToResponse.php(37): Illuminate\\Pipeline\\Pipeline->Illuminate\\Pipeline\\{closure}(Object(Illuminate\\Http\\Request))
#31 /home/sachmoi/domains/sachmoi.htc-it.team/public_html/vendor/laravel/framework/src/Illuminate/Pipeline/Pipeline.php(167): Illuminate\\Cookie\\Middleware\\AddQueuedCookiesToResponse->handle(Object(Illuminate\\Http\\Request), Object(Closure))
#32 /home/sachmoi/domains/sachmoi.htc-it.team/public_html/vendor/laravel/framework/src/Illuminate/Cookie/Middleware/EncryptCookies.php(67): Illuminate\\Pipeline\\Pipeline->Illuminate\\Pipeline\\{closure}(Object(Illuminate\\Http\\Request))
#33 /home/sachmoi/domains/sachmoi.htc-it.team/public_html/vendor/laravel/framework/src/Illuminate/Pipeline/Pipeline.php(167): Illuminate\\Cookie\\Middleware\\EncryptCookies->handle(Object(Illuminate\\Http\\Request), Object(Closure))
#34 /home/sachmoi/domains/sachmoi.htc-it.team/public_html/vendor/laravel/framework/src/Illuminate/Pipeline/Pipeline.php(103): Illuminate\\Pipeline\\Pipeline->Illuminate\\Pipeline\\{closure}(Object(Illuminate\\Http\\Request))
#35 /home/sachmoi/domains/sachmoi.htc-it.team/public_html/vendor/laravel/framework/src/Illuminate/Routing/Router.php(687): Illuminate\\Pipeline\\Pipeline->then(Object(Closure))
#36 /home/sachmoi/domains/sachmoi.htc-it.team/public_html/vendor/laravel/framework/src/Illuminate/Routing/Router.php(662): Illuminate\\Routing\\Router->runRouteWithinStack(Object(Illuminate\\Routing\\Route), Object(Illuminate\\Http\\Request))
#37 /home/sachmoi/domains/sachmoi.htc-it.team/public_html/vendor/laravel/framework/src/Illuminate/Routing/Router.php(628): Illuminate\\Routing\\Router->runRoute(Object(Illuminate\\Http\\Request), Object(Illuminate\\Routing\\Route))
#38 /home/sachmoi/domains/sachmoi.htc-it.team/public_html/vendor/laravel/framework/src/Illuminate/Routing/Router.php(617): Illuminate\\Routing\\Router->dispatchToRoute(Object(Illuminate\\Http\\Request))
#39 /home/sachmoi/domains/sachmoi.htc-it.team/public_html/vendor/laravel/framework/src/Illuminate/Foundation/Http/Kernel.php(165): Illuminate\\Routing\\Router->dispatch(Object(Illuminate\\Http\\Request))
#40 /home/sachmoi/domains/sachmoi.htc-it.team/public_html/vendor/laravel/framework/src/Illuminate/Pipeline/Pipeline.php(128): Illuminate\\Foundation\\Http\\Kernel->Illuminate\\Foundation\\Http\\{closure}(Object(Illuminate\\Http\\Request))
#41 /home/sachmoi/domains/sachmoi.htc-it.team/public_html/vendor/barryvdh/laravel-debugbar/src/Middleware/InjectDebugbar.php(67): Illuminate\\Pipeline\\Pipeline->Illuminate\\Pipeline\\{closure}(Object(Illuminate\\Http\\Request))
#42 /home/sachmoi/domains/sachmoi.htc-it.team/public_html/vendor/laravel/framework/src/Illuminate/Pipeline/Pipeline.php(167): Barryvdh\\Debugbar\\Middleware\\InjectDebugbar->handle(Object(Illuminate\\Http\\Request), Object(Closure))
#43 /home/sachmoi/domains/sachmoi.htc-it.team/public_html/vendor/spatie/laravel-pjax/src/Middleware/FilterIfPjax.php(18): Illuminate\\Pipeline\\Pipeline->Illuminate\\Pipeline\\{closure}(Object(Illuminate\\Http\\Request))
#44 /home/sachmoi/domains/sachmoi.htc-it.team/public_html/vendor/laravel/framework/src/Illuminate/Pipeline/Pipeline.php(167): Spatie\\Pjax\\Middleware\\FilterIfPjax->handle(Object(Illuminate\\Http\\Request), Object(Closure))
#45 /home/sachmoi/domains/sachmoi.htc-it.team/public_html/vendor/fideloper/proxy/src/TrustProxies.php(57): Illuminate\\Pipeline\\Pipeline->Illuminate\\Pipeline\\{closure}(Object(Illuminate\\Http\\Request))
#46 /home/sachmoi/domains/sachmoi.htc-it.team/public_html/vendor/laravel/framework/src/Illuminate/Pipeline/Pipeline.php(167): Fideloper\\Proxy\\TrustProxies->handle(Object(Illuminate\\Http\\Request), Object(Closure))
#47 /home/sachmoi/domains/sachmoi.htc-it.team/public_html/vendor/laravel/framework/src/Illuminate/Foundation/Http/Middleware/TransformsRequest.php(21): Illuminate\\Pipeline\\Pipeline->Illuminate\\Pipeline\\{closure}(Object(Illuminate\\Http\\Request))
#48 /home/sachmoi/domains/sachmoi.htc-it.team/public_html/vendor/laravel/framework/src/Illuminate/Pipeline/Pipeline.php(167): Illuminate\\Foundation\\Http\\Middleware\\TransformsRequest->handle(Object(Illuminate\\Http\\Request), Object(Closure))
#49 /home/sachmoi/domains/sachmoi.htc-it.team/public_html/vendor/laravel/framework/src/Illuminate/Foundation/Http/Middleware/TransformsRequest.php(21): Illuminate\\Pipeline\\Pipeline->Illuminate\\Pipeline\\{closure}(Object(Illuminate\\Http\\Request))
#50 /home/sachmoi/domains/sachmoi.htc-it.team/public_html/vendor/laravel/framework/src/Illuminate/Pipeline/Pipeline.php(167): Illuminate\\Foundation\\Http\\Middleware\\TransformsRequest->handle(Object(Illuminate\\Http\\Request), Object(Closure))
#51 /home/sachmoi/domains/sachmoi.htc-it.team/public_html/vendor/laravel/framework/src/Illuminate/Foundation/Http/Middleware/ValidatePostSize.php(27): Illuminate\\Pipeline\\Pipeline->Illuminate\\Pipeline\\{closure}(Object(Illuminate\\Http\\Request))
#52 /home/sachmoi/domains/sachmoi.htc-it.team/public_html/vendor/laravel/framework/src/Illuminate/Pipeline/Pipeline.php(167): Illuminate\\Foundation\\Http\\Middleware\\ValidatePostSize->handle(Object(Illuminate\\Http\\Request), Object(Closure))
#53 /home/sachmoi/domains/sachmoi.htc-it.team/public_html/vendor/laravel/framework/src/Illuminate/Foundation/Http/Middleware/CheckForMaintenanceMode.php(63): Illuminate\\Pipeline\\Pipeline->Illuminate\\Pipeline\\{closure}(Object(Illuminate\\Http\\Request))
#54 /home/sachmoi/domains/sachmoi.htc-it.team/public_html/vendor/laravel/framework/src/Illuminate/Pipeline/Pipeline.php(167): Illuminate\\Foundation\\Http\\Middleware\\CheckForMaintenanceMode->handle(Object(Illuminate\\Http\\Request), Object(Closure))
#55 /home/sachmoi/domains/sachmoi.htc-it.team/public_html/vendor/laravel/framework/src/Illuminate/Pipeline/Pipeline.php(103): Illuminate\\Pipeline\\Pipeline->Illuminate\\Pipeline\\{closure}(Object(Illuminate\\Http\\Request))
#56 /home/sachmoi/domains/sachmoi.htc-it.team/public_html/vendor/laravel/framework/src/Illuminate/Foundation/Http/Kernel.php(140): Illuminate\\Pipeline\\Pipeline->then(Object(Closure))
#57 /home/sachmoi/domains/sachmoi.htc-it.team/public_html/vendor/laravel/framework/src/Illuminate/Foundation/Http/Kernel.php(109): Illuminate\\Foundation\\Http\\Kernel->sendRequestThroughRouter(Object(Illuminate\\Http\\Request))
#58 /home/sachmoi/domains/sachmoi.htc-it.team/public_html/public/index.php(62): Illuminate\\Foundation\\Http\\Kernel->handle(Object(Illuminate\\Http\\Request))
#59 {main}
"} 
[2020-11-24 17:27:08] local.ERROR: 2020-11-24 17:27:08:
```Class 'SCart\Core\Front\Models\ShopProduct' not found```
*File* `/home/sachmoi/domains/sachmoi.htc-it.team/public_html/vendor/s-cart/core/src/ScartServiceProvider.php`, *Line:* 159, *Code:* 0

  
[2020-11-24 17:27:08] local.ERROR: Class 'SCart\Core\Front\Models\ShopProduct' not found {"exception":"[object] (Error(code: 0): Class 'SCart\\Core\\Front\\Models\\ShopProduct' not found at /home/sachmoi/domains/sachmoi.htc-it.team/public_html/vendor/s-cart/core/src/ScartServiceProvider.php:159)
[stacktrace]
#0 /home/sachmoi/domains/sachmoi.htc-it.team/public_html/vendor/s-cart/core/src/ScartServiceProvider.php(56): SCart\\Core\\ScartServiceProvider->bootScart()
#1 /home/sachmoi/domains/sachmoi.htc-it.team/public_html/vendor/laravel/framework/src/Illuminate/Container/BoundMethod.php(36): SCart\\Core\\ScartServiceProvider->boot()
#2 /home/sachmoi/domains/sachmoi.htc-it.team/public_html/vendor/laravel/framework/src/Illuminate/Container/Util.php(37): Illuminate\\Container\\BoundMethod::Illuminate\\Container\\{closure}()
#3 /home/sachmoi/domains/sachmoi.htc-it.team/public_html/vendor/laravel/framework/src/Illuminate/Container/BoundMethod.php(93): Illuminate\\Container\\Util::unwrapIfClosure(Object(Closure))
#4 /home/sachmoi/domains/sachmoi.htc-it.team/public_html/vendor/laravel/framework/src/Illuminate/Container/BoundMethod.php(37): Illuminate\\Container\\BoundMethod::callBoundMethod(Object(Illuminate\\Foundation\\Application), Array, Object(Closure))
#5 /home/sachmoi/domains/sachmoi.htc-it.team/public_html/vendor/laravel/framework/src/Illuminate/Container/Container.php(596): Illuminate\\Container\\BoundMethod::call(Object(Illuminate\\Foundation\\Application), Array, Array, NULL)
#6 /home/sachmoi/domains/sachmoi.htc-it.team/public_html/vendor/laravel/framework/src/Illuminate/Foundation/Application.php(867): Illuminate\\Container\\Container->call(Array)
#7 /home/sachmoi/domains/sachmoi.htc-it.team/public_html/vendor/laravel/framework/src/Illuminate/Foundation/Application.php(850): Illuminate\\Foundation\\Application->bootProvider(Object(SCart\\Core\\ScartServiceProvider))
#8 [internal function]: Illuminate\\Foundation\\Application->Illuminate\\Foundation\\{closure}(Object(SCart\\Core\\ScartServiceProvider), 22)
#9 /home/sachmoi/domains/sachmoi.htc-it.team/public_html/vendor/laravel/framework/src/Illuminate/Foundation/Application.php(851): array_walk(Array, Object(Closure))
#10 /home/sachmoi/domains/sachmoi.htc-it.team/public_html/vendor/laravel/framework/src/Illuminate/Foundation/Bootstrap/BootProviders.php(17): Illuminate\\Foundation\\Application->boot()
#11 /home/sachmoi/domains/sachmoi.htc-it.team/public_html/vendor/laravel/framework/src/Illuminate/Foundation/Application.php(230): Illuminate\\Foundation\\Bootstrap\\BootProviders->bootstrap(Object(Illuminate\\Foundation\\Application))
#12 /home/sachmoi/domains/sachmoi.htc-it.team/public_html/vendor/laravel/framework/src/Illuminate/Foundation/Http/Kernel.php(151): Illuminate\\Foundation\\Application->bootstrapWith(Array)
#13 /home/sachmoi/domains/sachmoi.htc-it.team/public_html/vendor/laravel/framework/src/Illuminate/Foundation/Http/Kernel.php(135): Illuminate\\Foundation\\Http\\Kernel->bootstrap()
#14 /home/sachmoi/domains/sachmoi.htc-it.team/public_html/vendor/laravel/framework/src/Illuminate/Foundation/Http/Kernel.php(109): Illuminate\\Foundation\\Http\\Kernel->sendRequestThroughRouter(Object(Illuminate\\Http\\Request))
#15 /home/sachmoi/domains/sachmoi.htc-it.team/public_html/public/index.php(62): Illuminate\\Foundation\\Http\\Kernel->handle(Object(Illuminate\\Http\\Request))
#16 {main}
"} 
[2020-11-24 17:27:15] local.ERROR: 2020-11-24 17:27:15:
```Class 'SCart\Core\Front\Models\ShopProduct' not found```
*File* `/home/sachmoi/domains/sachmoi.htc-it.team/public_html/vendor/s-cart/core/src/ScartServiceProvider.php`, *Line:* 159, *Code:* 0

  
[2020-11-24 17:27:15] local.ERROR: Class 'SCart\Core\Front\Models\ShopProduct' not found {"exception":"[object] (Error(code: 0): Class 'SCart\\Core\\Front\\Models\\ShopProduct' not found at /home/sachmoi/domains/sachmoi.htc-it.team/public_html/vendor/s-cart/core/src/ScartServiceProvider.php:159)
[stacktrace]
#0 /home/sachmoi/domains/sachmoi.htc-it.team/public_html/vendor/s-cart/core/src/ScartServiceProvider.php(56): SCart\\Core\\ScartServiceProvider->bootScart()
#1 /home/sachmoi/domains/sachmoi.htc-it.team/public_html/vendor/laravel/framework/src/Illuminate/Container/BoundMethod.php(36): SCart\\Core\\ScartServiceProvider->boot()
#2 /home/sachmoi/domains/sachmoi.htc-it.team/public_html/vendor/laravel/framework/src/Illuminate/Container/Util.php(37): Illuminate\\Container\\BoundMethod::Illuminate\\Container\\{closure}()
#3 /home/sachmoi/domains/sachmoi.htc-it.team/public_html/vendor/laravel/framework/src/Illuminate/Container/BoundMethod.php(93): Illuminate\\Container\\Util::unwrapIfClosure(Object(Closure))
#4 /home/sachmoi/domains/sachmoi.htc-it.team/public_html/vendor/laravel/framework/src/Illuminate/Container/BoundMethod.php(37): Illuminate\\Container\\BoundMethod::callBoundMethod(Object(Illuminate\\Foundation\\Application), Array, Object(Closure))
#5 /home/sachmoi/domains/sachmoi.htc-it.team/public_html/vendor/laravel/framework/src/Illuminate/Container/Container.php(596): Illuminate\\Container\\BoundMethod::call(Object(Illuminate\\Foundation\\Application), Array, Array, NULL)
#6 /home/sachmoi/domains/sachmoi.htc-it.team/public_html/vendor/laravel/framework/src/Illuminate/Foundation/Application.php(867): Illuminate\\Container\\Container->call(Array)
#7 /home/sachmoi/domains/sachmoi.htc-it.team/public_html/vendor/laravel/framework/src/Illuminate/Foundation/Application.php(850): Illuminate\\Foundation\\Application->bootProvider(Object(SCart\\Core\\ScartServiceProvider))
#8 [internal function]: Illuminate\\Foundation\\Application->Illuminate\\Foundation\\{closure}(Object(SCart\\Core\\ScartServiceProvider), 22)
#9 /home/sachmoi/domains/sachmoi.htc-it.team/public_html/vendor/laravel/framework/src/Illuminate/Foundation/Application.php(851): array_walk(Array, Object(Closure))
#10 /home/sachmoi/domains/sachmoi.htc-it.team/public_html/vendor/laravel/framework/src/Illuminate/Foundation/Bootstrap/BootProviders.php(17): Illuminate\\Foundation\\Application->boot()
#11 /home/sachmoi/domains/sachmoi.htc-it.team/public_html/vendor/laravel/framework/src/Illuminate/Foundation/Application.php(230): Illuminate\\Foundation\\Bootstrap\\BootProviders->bootstrap(Object(Illuminate\\Foundation\\Application))
#12 /home/sachmoi/domains/sachmoi.htc-it.team/public_html/vendor/laravel/framework/src/Illuminate/Foundation/Http/Kernel.php(151): Illuminate\\Foundation\\Application->bootstrapWith(Array)
#13 /home/sachmoi/domains/sachmoi.htc-it.team/public_html/vendor/laravel/framework/src/Illuminate/Foundation/Http/Kernel.php(135): Illuminate\\Foundation\\Http\\Kernel->bootstrap()
#14 /home/sachmoi/domains/sachmoi.htc-it.team/public_html/vendor/laravel/framework/src/Illuminate/Foundation/Http/Kernel.php(109): Illuminate\\Foundation\\Http\\Kernel->sendRequestThroughRouter(Object(Illuminate\\Http\\Request))
#15 /home/sachmoi/domains/sachmoi.htc-it.team/public_html/public/index.php(62): Illuminate\\Foundation\\Http\\Kernel->handle(Object(Illuminate\\Http\\Request))
#16 {main}
"} 
